<?xml version="1.0" encoding="UTF-8"?>
<testng-results ignored="0" total="1" passed="1" failed="0" skipped="0">
  <reporter-output>
  </reporter-output>
  <suite started-at="2021-07-15T20:20:39 IST" name="Default suite" finished-at="2021-07-15T20:21:10 IST" duration-ms="31347">
    <groups>
    </groups>
    <test started-at="2021-07-15T20:20:39 IST" name="Default test" finished-at="2021-07-15T20:21:10 IST" duration-ms="31347">
      <class name="OrangeTest">
        <test-method signature="testcase()[pri:0, instance:OrangeTest@33990a0c]" started-at="2021-07-15T20:20:39 IST" name="testcase" finished-at="2021-07-15T20:21:10 IST" duration-ms="31256" status="PASS">
          <reporter-output>
          </reporter-output>
        </test-method> <!-- testcase -->
      </class> <!-- OrangeTest -->
    </test> <!-- Default test -->
  </suite> <!-- Default suite -->
</testng-results>
